This is pdfTeX, Version 3.14159265-2.6-1.40.16 (TeX Live 2015/Debian) (preloaded format=pdflatex 2015.11.29)  15 DEC 2015 17:07
entering extended mode
 restricted \write18 enabled.
 %&-line parsing enabled.
**groupproj15.tex
(./groupproj15.tex
LaTeX2e <2015/01/01>
Babel <3.9l> and hyphenation patterns for 4 languages loaded.
(/usr/share/texlive/texmf-dist/tex/latex/base/article.cls
Document Class: article 2014/09/29 v1.4h Standard LaTeX document class
(/usr/share/texlive/texmf-dist/tex/latex/base/size10.clo
File: size10.clo 2014/09/29 v1.4h Standard LaTeX file (size option)
)
\c@part=\count79
\c@section=\count80
\c@subsection=\count81
\c@subsubsection=\count82
\c@paragraph=\count83
\c@subparagraph=\count84
\c@figure=\count85
\c@table=\count86
\abovecaptionskip=\skip41
\belowcaptionskip=\skip42
\bibindent=\dimen102
) (./groupproj15.aux)
\openout1 = `groupproj15.aux'.

LaTeX Font Info:    Checking defaults for OML/cmm/m/it on input line 6.
LaTeX Font Info:    ... okay on input line 6.
LaTeX Font Info:    Checking defaults for T1/cmr/m/n on input line 6.
LaTeX Font Info:    ... okay on input line 6.
LaTeX Font Info:    Checking defaults for OT1/cmr/m/n on input line 6.
LaTeX Font Info:    ... okay on input line 6.
LaTeX Font Info:    Checking defaults for OMS/cmsy/m/n on input line 6.
LaTeX Font Info:    ... okay on input line 6.
LaTeX Font Info:    Checking defaults for OMX/cmex/m/n on input line 6.
LaTeX Font Info:    ... okay on input line 6.
LaTeX Font Info:    Checking defaults for U/cmr/m/n on input line 6.
LaTeX Font Info:    ... okay on input line 6.
LaTeX Font Info:    External font `cmex10' loaded for size
(Font)              <7> on input line 31.
LaTeX Font Info:    External font `cmex10' loaded for size
(Font)              <5> on input line 31.

[1

{/var/lib/texmf/fonts/map/pdftex/updmap/pdftex.map}]
Overfull \hbox (43.49661pt too wide) in paragraph at lines 69--69
[]            \OT1/cmtt/m/n/10 | _ => invalidOperands "Multiplication on non-in
tegral args: "[] 
 []


Overfull \hbox (11.99689pt too wide) in paragraph at lines 69--69
[]            \OT1/cmtt/m/n/10 | _ => invalidOperands "Division on non-integral
 args: "[] 
 []

[2]
Overfull \hbox (64.49643pt too wide) in paragraph at lines 83--83
[]      \OT1/cmtt/m/n/10 => let val (_, e1_dec, e2_dec) = checkBinOp ftab vtab 
(pos, Int, e1, e2)[] 
 []


Overfull \hbox (64.49643pt too wide) in paragraph at lines 83--83
[]      \OT1/cmtt/m/n/10 => let val (_, e1_dec, e2_dec) = checkBinOp ftab vtab 
(pos, Int, e1, e2)[] 
 []

[3] [4] (./groupproj15.aux) ) 
Here is how much of TeX's memory you used:
 214 strings out of 494957
 2340 string characters out of 6180027
 53281 words of memory out of 5000000
 3538 multiletter control sequences out of 15000+600000
 5326 words of font info for 20 fonts, out of 8000000 for 9000
 36 hyphenation exceptions out of 8191
 23i,4n,18p,321b,241s stack positions out of 5000i,500n,10000p,200000b,80000s
</usr/share/texlive/texmf-dist/fonts/type1/public/
amsfonts/cm/cmbx10.pfb></usr/share/texlive/texmf-dist/fonts/type1/public/amsfon
ts/cm/cmbx12.pfb></usr/share/texlive/texmf-dist/fonts/type1/public/amsfonts/cm/
cmmi10.pfb></usr/share/texlive/texmf-dist/fonts/type1/public/amsfonts/cm/cmr10.
pfb></usr/share/texlive/texmf-dist/fonts/type1/public/amsfonts/cm/cmtt10.pfb>
Output written on groupproj15.pdf (4 pages, 78082 bytes).
PDF statistics:
 37 PDF objects out of 1000 (max. 8388607)
 25 compressed objects within 1 object stream
 0 named destinations out of 1000 (max. 500000)
 1 words of extra memory for PDF output out of 10000 (max. 10000000)

